<?xml version="1.0" encoding="UTF-8"?>
<testsuite name="com.register.RegisterTest" tests="1" skipped="0" failures="0" errors="0" timestamp="2021-06-22T13:07:25" hostname="matheus" time="0.145">
  <properties/>
  <testcase name="test the server is running" classname="com.register.RegisterTest" time="0.145"/>
  <system-out><![CDATA[?[36m10:07:24.422?[0;39m ?[1;30m[kotest-engine-0 @coroutine#3]?[0;39m ?[34mINFO ?[0;39m ?[35mi.m.context.env.DefaultEnvironment?[0;39m - Established active environments: [test]
]]></system-out>
  <system-err><![CDATA[]]></system-err>
</testsuite>
